-------------------------------------------------------------------------------
Test set: OrderCreateTest
-------------------------------------------------------------------------------
Tests run: 5, Failures: 2, Errors: 0, Skipped: 0, Time elapsed: 16.503 s <<< FAILURE! - in OrderCreateTest
shouldNotCreateOrderWithWrongHashIngredients(OrderCreateTest)  Time elapsed: 5.152 s  <<< FAILURE!
java.lang.AssertionError: expected:<500> but was:<400>
	at OrderCreateTest.checkStatus500(OrderCreateTest.java:110)
	at OrderCreateTest.shouldNotCreateOrderWithWrongHashIngredients(OrderCreateTest.java:68)

shouldNotCreateOrderWithoutAuth(OrderCreateTest)  Time elapsed: 0.228 s  <<< FAILURE!
java.lang.AssertionError: expected:<401> but was:<200>
	at OrderCreateTest.checkStatus401(OrderCreateTest.java:106)
	at OrderCreateTest.shouldNotCreateOrderWithoutAuth(OrderCreateTest.java:32)

